<?xml version="1.0" encoding="UTF-8"?>
<testsuite xmlns:xsi="http://www.w3.org/2001/XMLSchema-instance" xsi:noNamespaceSchemaLocation="https://maven.apache.org/surefire/maven-surefire-plugin/xsd/surefire-test-report.xsd" version="3.0.2" name="com.demo.ProyectoFinalApplicationTests" time="52.706" tests="1" errors="0" skipped="0" failures="0">
  <properties>
[...]
</properties>
  <testcase name="contextLoads" classname="com.demo.ProyectoFinalApplicationTests" time="2.105">
    <system-out><![CDATA[02:18:06.840 [main] INFO org.springframework.test.context.support.AnnotationConfigContextLoaderUtils -- Could not detect default configuration classes for test class [com.demo.ProyectoFinalApplicationTests]: ProyectoFinalApplicationTests does not declare any static, non-private, non-final, nested classes annotated with @Configuration.
02:18:08.775 [main] INFO org.springframework.boot.test.context.SpringBootTestContextBootstrapper -- Found @SpringBootConfiguration com.ProyectoFinalApplication for test class com.demo.ProyectoFinalApplicationTests
02:18:09.933 [main] INFO org.springframework.boot.devtools.restart.RestartApplicationListener -- Restart disabled due to context in which it is running
01 02:18  INFO 4596 --- [practica01] [           main] com.demo.ProyectoFinalApplicationTests   : Starting ProyectoFinalApplicationTests using Java 21.0.8 with PID 4596 (started by ever1 in C:\Users\ever1\Downloads\proyecto_final_desarrollo_web\proyecto_final_desarrollo_web\proyecto_final_TBTECH)
01 02:18  INFO 4596 --- [practica01] [           main] com.demo.ProyectoFinalApplicationTests   : No active profile set, falling back to 1 default profile: "default"
01 02:18  INFO 4596 --- [practica01] [           main] .s.d.r.c.RepositoryConfigurationDelegate : Bootstrapping Spring Data JPA repositories in DEFAULT mode.
01 02:18  INFO 4596 --- [practica01] [           main] .s.d.r.c.RepositoryConfigurationDelegate : Finished Spring Data repository scanning in 3652 ms. Found 5 JPA repository interfaces.
01 02:18  INFO 4596 --- [practica01] [           main] com.zaxxer.hikari.HikariDataSource       : HikariPool-1 - Starting...
01 02:18  INFO 4596 --- [practica01] [           main] com.zaxxer.hikari.pool.HikariPool        : HikariPool-1 - Added connection com.mysql.cj.jdbc.ConnectionImpl@3a94d716
01 02:18  INFO 4596 --- [practica01] [           main] com.zaxxer.hikari.HikariDataSource       : HikariPool-1 - Start completed.
01 02:18  INFO 4596 --- [practica01] [           main] o.hibernate.jpa.internal.util.LogHelper  : HHH000204: Processing PersistenceUnitInfo [name: default]
01 02:18  INFO 4596 --- [practica01] [           main] org.hibernate.Version                    : HHH000412: Hibernate ORM core version 6.6.33.Final
01 02:18  INFO 4596 --- [practica01] [           main] o.h.c.internal.RegionFactoryInitiator    : HHH000026: Second-level cache disabled
01 02:18  INFO 4596 --- [practica01] [           main] o.s.o.j.p.SpringPersistenceUnitInfo      : No LoadTimeWeaver setup: ignoring JPA class transformer
01 02:18  WARN 4596 --- [practica01] [           main] org.hibernate.orm.deprecation            : HHH90000025: MySQLDialect does not need to be specified explicitly using 'hibernate.dialect' (remove the property setting and it will be selected by default)
01 02:18  INFO 4596 --- [practica01] [           main] org.hibernate.orm.connections.pooling    : HHH10001005: Database info:
	Database JDBC URL [Connecting through datasource 'HikariDataSource (HikariPool-1)']
	Database driver: undefined/unknown
	Database version: 8.0.44
	Autocommit mode: undefined/unknown
	Isolation level: undefined/unknown
	Minimum pool size: undefined/unknown
	Maximum pool size: undefined/unknown
01 02:18  INFO 4596 --- [practica01] [           main] o.h.e.t.j.p.i.JtaPlatformInitiator       : HHH000489: No JTA platform available (set 'hibernate.transaction.jta.platform' to enable JTA platform integration)
01 02:18  INFO 4596 --- [practica01] [           main] j.LocalContainerEntityManagerFactoryBean : Initialized JPA EntityManagerFactory for persistence unit 'default'
01 02:18  WARN 4596 --- [practica01] [           main] JpaBaseConfiguration$JpaWebConfiguration : spring.jpa.open-in-view is enabled by default. Therefore, database queries may be performed during view rendering. Explicitly configure spring.jpa.open-in-view to disable this warning
01 02:18  INFO 4596 --- [practica01] [           main] o.s.b.a.w.s.WelcomePageHandlerMapping    : Adding welcome page template: index
01 02:18  INFO 4596 --- [practica01] [           main] com.demo.ProyectoFinalApplicationTests   : Started ProyectoFinalApplicationTests in 46.498 seconds (process running for 54.038)
]]></system-out>
    <system-err><![CDATA[Mockito is currently self-attaching to enable the inline-mock-maker. This will no longer work in future releases of the JDK. Please add Mockito as an agent to your build as described in Mockito's documentation: https://javadoc.io/doc/org.mockito/mockito-core/latest/org.mockito/org/mockito/Mockito.html#0.3
WARNING: A Java agent has been loaded dynamically (C:\Users\ever1\.m2\repository\net\bytebuddy\byte-buddy-agent\1.17.8\byte-buddy-agent-1.17.8.jar)
WARNING: If a serviceability tool is in use, please run with -XX:+EnableDynamicAgentLoading to hide this warning
WARNING: If a serviceability tool is not in use, please run with -Djdk.instrument.traceUsage for more information
WARNING: Dynamic loading of agents will be disallowed by default in a future release
]]></system-err>
  </testcase>
</testsuite>